app/build/outputs/logs/manifest-merger-debug-report.txt
-- Merging decision tree log ---
manifest
ADDED from src\main\AndroidManifest.xml:2:1-319:12
INJECTED from src\main\AndroidManifest.xml:2:1-319:12
INJECTED from src\main\AndroidManifest.xml:2:1-319:12
INJECTED from src\main\AndroidManifest.xml:2:1-319:12
INJECTED from src\main\AndroidManifest.xml:2:1-319:12
INJECTED from src\main\AndroidManifest.xml:2:1-319:12
INJECTED from src\main\AndroidManifest.xml:2:1-319:12
	package
		ADDED from src\main\AndroidManifest.xml:3:5-26
		INJECTED from src\main\AndroidManifest.xml
		INJECTED from src\main\AndroidManifest.xml
	android:versionName
		ADDED from src\main\AndroidManifest.xml:5:5-30
		INJECTED from src\main\AndroidManifest.xml
		INJECTED from src\main\AndroidManifest.xml
	xmlns:android
		ADDED from src\main\AndroidManifest.xml:2:11-69
	android:versionCode
		ADDED from src\main\AndroidManifest.xml:4:5-29
		INJECTED from src\main\AndroidManifest.xml
		INJECTED from src\main\AndroidManifest.xml
uses-sdk
ADDED from src\main\AndroidManifest.xml:6:5-8:41
INJECTED from src\main\AndroidManifest.xml:6:5-8:41
INJECTED from src\main\AndroidManifest.xml:6:5-8:41
INJECTED from src\main\AndroidManifest.xml:6:5-8:41
INJECTED from src\main\AndroidManifest.xml:6:5-8:41
	android:targetSdkVersion
		ADDED from src\main\AndroidManifest.xml:8:9-38
		INJECTED from src\main\AndroidManifest.xml
		INJECTED from src\main\AndroidManifest.xml
	android:minSdkVersion
		ADDED from src\main\AndroidManifest.xml:7:9-35
		INJECTED from src\main\AndroidManifest.xml
		INJECTED from src\main\AndroidManifest.xml
uses-permission#android.permission.ACCESS_NETWORK_STATE
ADDED from src\main\AndroidManifest.xml:10:5-79
	android:name
		ADDED from src\main\AndroidManifest.xml:10:22-76
uses-permission#android.permission.INTERNET
ADDED from src\main\AndroidManifest.xml:11:5-67
	android:name
		ADDED from src\main\AndroidManifest.xml:11:22-64
uses-permission#android.permission.ACCESS_COARSE_LOCATION
ADDED from src\main\AndroidManifest.xml:12:5-81
	android:name
		ADDED from src\main\AndroidManifest.xml:12:22-78
uses-permission#android.permission.ACCESS_FINE_LOCATION
ADDED from src\main\AndroidManifest.xml:13:5-79
	android:name
		ADDED from src\main\AndroidManifest.xml:13:22-76
uses-permission#android.permission.WRITE_SETTINGS
ADDED from src\main\AndroidManifest.xml:14:5-73
	android:name
		ADDED from src\main\AndroidManifest.xml:14:22-70
uses-permission#android.permission.WRITE_EXTERNAL_STORAGE
ADDED from src\main\AndroidManifest.xml:15:5-81
	android:name
		ADDED from src\main\AndroidManifest.xml:15:22-78
uses-permission#android.permission.READ_PHONE_STATE
ADDED from src\main\AndroidManifest.xml:16:5-75
	android:name
		ADDED from src\main\AndroidManifest.xml:16:22-72
uses-permission#android.permission.WRITE_SYNC_SETTINGS
ADDED from src\main\AndroidManifest.xml:17:5-78
	android:name
		ADDED from src\main\AndroidManifest.xml:17:22-75
uses-permission#android.permission.READ_EXTERNAL_STORAGE
ADDED from src\main\AndroidManifest.xml:18:5-80
	android:name
		ADDED from src\main\AndroidManifest.xml:18:22-77
application
ADDED from src\main\AndroidManifest.xml:20:5-318:19
	android:screenOrientation
		ADDED from src\main\AndroidManifest.xml:24:9-46
	android:label
		ADDED from src\main\AndroidManifest.xml:23:9-41
	android:largeHeap
		ADDED from src\main\AndroidManifest.xml:25:9-33
	android:icon
		ADDED from src\main\AndroidManifest.xml:22:9-38
	android:theme
		ADDED from src\main\AndroidManifest.xml:26:9-67
	android:name
		ADDED from src\main\AndroidManifest.xml:21:9-38
activity#com.cpm.gsk.GSKOralCareActivity
ADDED from src\main\AndroidManifest.xml:27:9-36:20
	android:screenOrientation
		ADDED from src\main\AndroidManifest.xml:31:13-50
	android:label
		ADDED from src\main\AndroidManifest.xml:30:13-45
	android:configChanges
		ADDED from src\main\AndroidManifest.xml:29:13-63
	android:name
		ADDED from src\main\AndroidManifest.xml:28:13-48
intent-filter#android.intent.action.MAIN+android.intent.category.LAUNCHER
ADDED from src\main\AndroidManifest.xml:32:13-35:29
action#android.intent.action.MAIN
ADDED from src\main\AndroidManifest.xml:33:17-69
	android:name
		ADDED from src\main\AndroidManifest.xml:33:25-66
category#android.intent.category.LAUNCHER
ADDED from src\main\AndroidManifest.xml:34:17-77
	android:name
		ADDED from src\main\AndroidManifest.xml:34:27-74
activity#com.cpm.web.ShowUpdateActivity
ADDED from src\main\AndroidManifest.xml:38:9-41:52
	android:screenOrientation
		ADDED from src\main\AndroidManifest.xml:41:13-49
	android:configChanges
		ADDED from src\main\AndroidManifest.xml:40:13-74
	android:name
		ADDED from src\main\AndroidManifest.xml:39:13-58
activity#com.cpm.gsk.PerformanceDetailAuthentication
ADDED from src\main\AndroidManifest.xml:42:9-46:20
	android:screenOrientation
		ADDED from src\main\AndroidManifest.xml:45:13-50
	android:configChanges
		ADDED from src\main\AndroidManifest.xml:44:13-63
	android:name
		ADDED from src\main\AndroidManifest.xml:43:13-60
activity#com.cpm.mainmenu.SensodyneQuestions
ADDED from src\main\AndroidManifest.xml:47:9-51:20
	android:screenOrientation
		ADDED from src\main\AndroidManifest.xml:50:13-49
	android:configChanges
		ADDED from src\main\AndroidManifest.xml:49:13-63
	android:name
		ADDED from src\main\AndroidManifest.xml:48:13-63
activity#com.cpm.mainmenu.Score
ADDED from src\main\AndroidManifest.xml:52:9-56:20
	android:screenOrientation
		ADDED from src\main\AndroidManifest.xml:55:13-49
	android:configChanges
		ADDED from src\main\AndroidManifest.xml:54:13-63
	android:name
		ADDED from src\main\AndroidManifest.xml:53:13-50
activity#com.cpm.mainmenu.PracticalSession
ADDED from src\main\AndroidManifest.xml:57:9-61:20
	android:screenOrientation
		ADDED from src\main\AndroidManifest.xml:60:13-50
	android:configChanges
		ADDED from src\main\AndroidManifest.xml:59:13-63
	android:name
		ADDED from src\main\AndroidManifest.xml:58:13-61
activity#com.cpm.mainmenu.Pain_yes
ADDED from src\main\AndroidManifest.xml:62:9-66:20
	android:screenOrientation
		ADDED from src\main\AndroidManifest.xml:65:13-50
	android:configChanges
		ADDED from src\main\AndroidManifest.xml:64:13-63
	android:name
		ADDED from src\main\AndroidManifest.xml:63:13-53
activity#com.cpm.mainmenu.Pain_no
ADDED from src\main\AndroidManifest.xml:67:9-71:20
	android:screenOrientation
		ADDED from src\main\AndroidManifest.xml:70:13-50
	android:configChanges
		ADDED from src\main\AndroidManifest.xml:69:13-63
	android:name
		ADDED from src\main\AndroidManifest.xml:68:13-52
activity#com.cpm.mainmenu.toothpaste_activity
ADDED from src\main\AndroidManifest.xml:72:9-76:20
	android:screenOrientation
		ADDED from src\main\AndroidManifest.xml:75:13-50
	android:configChanges
		ADDED from src\main\AndroidManifest.xml:74:13-63
	android:name
		ADDED from src\main\AndroidManifest.xml:73:13-64
activity#com.cpm.mainmenu.Sensodyne_Products
ADDED from src\main\AndroidManifest.xml:77:9-81:20
	android:screenOrientation
		ADDED from src\main\AndroidManifest.xml:80:13-50
	android:configChanges
		ADDED from src\main\AndroidManifest.xml:79:13-63
	android:name
		ADDED from src\main\AndroidManifest.xml:78:13-63
activity#com.cpm.autoupadte.AutoupdateActivity
ADDED from src\main\AndroidManifest.xml:82:9-86:20
	android:screenOrientation
		ADDED from src\main\AndroidManifest.xml:85:13-50
	android:configChanges
		ADDED from src\main\AndroidManifest.xml:84:13-63
	android:name
		ADDED from src\main\AndroidManifest.xml:83:13-65
activity#com.cpm.alert_message.AlertMessageActivity
ADDED from src\main\AndroidManifest.xml:87:9-91:20
	android:screenOrientation
		ADDED from src\main\AndroidManifest.xml:90:13-50
	android:configChanges
		ADDED from src\main\AndroidManifest.xml:89:13-63
	android:name
		ADDED from src\main\AndroidManifest.xml:88:13-70
activity#com.cpm.use_toothpaste.Best_Offer
ADDED from src\main\AndroidManifest.xml:92:9-96:20
	android:screenOrientation
		ADDED from src\main\AndroidManifest.xml:95:13-50
	android:configChanges
		ADDED from src\main\AndroidManifest.xml:94:13-63
	android:name
		ADDED from src\main\AndroidManifest.xml:93:13-61
activity#com.cpm.use_toothpaste.RapidRelief_Activity
ADDED from src\main\AndroidManifest.xml:97:9-101:20
	android:screenOrientation
		ADDED from src\main\AndroidManifest.xml:100:13-50
	android:configChanges
		ADDED from src\main\AndroidManifest.xml:99:13-63
	android:name
		ADDED from src\main\AndroidManifest.xml:98:13-71
activity#com.cpm.use_toothpaste.Sales_Record
ADDED from src\main\AndroidManifest.xml:102:9-107:20
	android:screenOrientation
		ADDED from src\main\AndroidManifest.xml:105:13-50
	android:windowSoftInputMode
		ADDED from src\main\AndroidManifest.xml:106:13-55
	android:configChanges
		ADDED from src\main\AndroidManifest.xml:104:13-63
	android:name
		ADDED from src\main\AndroidManifest.xml:103:13-63
activity#com.cpm.use_toothpaste.Sensodyne
ADDED from src\main\AndroidManifest.xml:108:9-112:20
	android:screenOrientation
		ADDED from src\main\AndroidManifest.xml:111:13-50
	android:configChanges
		ADDED from src\main\AndroidManifest.xml:110:13-63
	android:name
		ADDED from src\main\AndroidManifest.xml:109:13-60
activity#com.cpm.use_toothpaste.Parandontax_Offer_Activity
ADDED from src\main\AndroidManifest.xml:113:9-117:20
	android:screenOrientation
		ADDED from src\main\AndroidManifest.xml:116:13-50
	android:configChanges
		ADDED from src\main\AndroidManifest.xml:115:13-63
	android:name
		ADDED from src\main\AndroidManifest.xml:114:13-77
activity#com.cpm.use_toothpaste.FullScreenVideo
ADDED from src\main\AndroidManifest.xml:118:9-123:20
	android:screenOrientation
		ADDED from src\main\AndroidManifest.xml:121:13-50
	android:configChanges
		ADDED from src\main\AndroidManifest.xml:120:13-63
	android:theme
		ADDED from src\main\AndroidManifest.xml:122:13-71
	android:name
		ADDED from src\main\AndroidManifest.xml:119:13-66
activity#com.cpm.gsk.Sensodyne_repair_protectActivity
ADDED from src\main\AndroidManifest.xml:124:9-128:20
	android:screenOrientation
		ADDED from src\main\AndroidManifest.xml:127:13-50
	android:configChanges
		ADDED from src\main\AndroidManifest.xml:126:13-63
	android:name
		ADDED from src\main\AndroidManifest.xml:125:13-61
activity#com.cpm.use_toothpaste.Sensodyne_Rapid_Relief_Offer_Activity
ADDED from src\main\AndroidManifest.xml:129:9-133:20
	android:screenOrientation
		ADDED from src\main\AndroidManifest.xml:132:13-50
	android:configChanges
		ADDED from src\main\AndroidManifest.xml:131:13-63
	android:name
		ADDED from src\main\AndroidManifest.xml:130:13-88
activity#com.cpm.use_toothpaste.WhyUseParandontax_Activity
ADDED from src\main\AndroidManifest.xml:134:9-138:20
	android:screenOrientation
		ADDED from src\main\AndroidManifest.xml:137:13-50
	android:configChanges
		ADDED from src\main\AndroidManifest.xml:136:13-63
	android:name
		ADDED from src\main\AndroidManifest.xml:135:13-77
activity#com.cpm.use_toothpaste.NewSreen_Activity
ADDED from src\main\AndroidManifest.xml:139:9-143:20
	android:screenOrientation
		ADDED from src\main\AndroidManifest.xml:142:13-50
	android:configChanges
		ADDED from src\main\AndroidManifest.xml:141:13-63
	android:name
		ADDED from src\main\AndroidManifest.xml:140:13-68
activity#com.cpm.use_toothpaste.WhyUseSensodyne_Activity
ADDED from src\main\AndroidManifest.xml:144:9-148:20
	android:screenOrientation
		ADDED from src\main\AndroidManifest.xml:147:13-50
	android:configChanges
		ADDED from src\main\AndroidManifest.xml:146:13-63
	android:name
		ADDED from src\main\AndroidManifest.xml:145:13-75
activity#com.cpm.use_toothpaste.OralCare_Activity
ADDED from src\main\AndroidManifest.xml:149:9-153:20
	android:screenOrientation
		ADDED from src\main\AndroidManifest.xml:152:13-50
	android:configChanges
		ADDED from src\main\AndroidManifest.xml:151:13-63
	android:name
		ADDED from src\main\AndroidManifest.xml:150:13-68
activity#com.cpm.use_toothpaste.Rapid_Relief_Rapir_Activity
ADDED from src\main\AndroidManifest.xml:154:9-158:20
	android:screenOrientation
		ADDED from src\main\AndroidManifest.xml:157:13-50
	android:configChanges
		ADDED from src\main\AndroidManifest.xml:156:13-63
	android:name
		ADDED from src\main\AndroidManifest.xml:155:13-78
activity#com.cpm.use_toothpaste.Sensodyne_repair_protectActivity
ADDED from src\main\AndroidManifest.xml:159:9-163:20
	android:screenOrientation
		ADDED from src\main\AndroidManifest.xml:162:13-50
	android:configChanges
		ADDED from src\main\AndroidManifest.xml:161:13-63
	android:name
		ADDED from src\main\AndroidManifest.xml:160:13-83
activity#com.cpm.upload.Upload
ADDED from src\main\AndroidManifest.xml:164:9-168:20
	android:screenOrientation
		ADDED from src\main\AndroidManifest.xml:167:13-50
	android:configChanges
		ADDED from src\main\AndroidManifest.xml:166:13-63
	android:name
		ADDED from src\main\AndroidManifest.xml:165:13-49
activity#com.cpm.upload.UploadSale
ADDED from src\main\AndroidManifest.xml:169:9-173:20
	android:screenOrientation
		ADDED from src\main\AndroidManifest.xml:172:13-50
	android:configChanges
		ADDED from src\main\AndroidManifest.xml:171:13-63
	android:name
		ADDED from src\main\AndroidManifest.xml:170:13-53
activity#com.cpm.mainmenu.Sensodyne_Offer
ADDED from src\main\AndroidManifest.xml:174:9-178:20
	android:screenOrientation
		ADDED from src\main\AndroidManifest.xml:177:13-50
	android:configChanges
		ADDED from src\main\AndroidManifest.xml:176:13-63
	android:name
		ADDED from src\main\AndroidManifest.xml:175:13-60
activity#com.cpm.mainmenu.Startsales
ADDED from src\main\AndroidManifest.xml:179:9-183:20
	android:screenOrientation
		ADDED from src\main\AndroidManifest.xml:182:13-50
	android:configChanges
		ADDED from src\main\AndroidManifest.xml:181:13-63
	android:name
		ADDED from src\main\AndroidManifest.xml:180:13-55
activity#com.cpm.download.PerformanceDetailAuthentication
ADDED from src\main\AndroidManifest.xml:184:9-188:20
	android:screenOrientation
		ADDED from src\main\AndroidManifest.xml:187:13-50
	android:configChanges
		ADDED from src\main\AndroidManifest.xml:186:13-63
	android:name
		ADDED from src\main\AndroidManifest.xml:185:13-76
activity#com.cpm.mainmenu.MainMenuScreenActivity
ADDED from src\main\AndroidManifest.xml:189:9-193:20
	android:screenOrientation
		ADDED from src\main\AndroidManifest.xml:192:13-50
	android:configChanges
		ADDED from src\main\AndroidManifest.xml:191:13-63
	android:name
		ADDED from src\main\AndroidManifest.xml:190:13-67
activity#com.cpm.autoupdate.AutoupdateActivity
ADDED from src\main\AndroidManifest.xml:194:9-198:20
	android:screenOrientation
		ADDED from src\main\AndroidManifest.xml:197:13-50
	android:configChanges
		ADDED from src\main\AndroidManifest.xml:196:13-63
	android:name
		ADDED from src\main\AndroidManifest.xml:195:13-65
activity#com.cpm.download.CompleteDownloadActivity
ADDED from src\main\AndroidManifest.xml:199:9-203:20
	android:screenOrientation
		ADDED from src\main\AndroidManifest.xml:202:13-50
	android:configChanges
		ADDED from src\main\AndroidManifest.xml:201:13-63
	android:name
		ADDED from src\main\AndroidManifest.xml:200:13-69
activity#com.cpm.use_toothpaste.ToothBrush_Activity
ADDED from src\main\AndroidManifest.xml:204:9-208:20
	android:screenOrientation
		ADDED from src\main\AndroidManifest.xml:207:13-50
	android:configChanges
		ADDED from src\main\AndroidManifest.xml:206:13-63
	android:name
		ADDED from src\main\AndroidManifest.xml:205:13-70
activity#com.cpm.use_toothpaste.WhichBrand
ADDED from src\main\AndroidManifest.xml:209:9-213:20
	android:screenOrientation
		ADDED from src\main\AndroidManifest.xml:212:13-50
	android:configChanges
		ADDED from src\main\AndroidManifest.xml:211:13-63
	android:name
		ADDED from src\main\AndroidManifest.xml:210:13-61
activity#com.cpm.use_toothpaste.RAndPActivity
ADDED from src\main\AndroidManifest.xml:214:9-218:20
	android:screenOrientation
		ADDED from src\main\AndroidManifest.xml:217:13-50
	android:configChanges
		ADDED from src\main\AndroidManifest.xml:216:13-63
	android:name
		ADDED from src\main\AndroidManifest.xml:215:13-64
activity#com.cpm.use_toothpaste.OthersRNP
ADDED from src\main\AndroidManifest.xml:219:9-223:20
	android:screenOrientation
		ADDED from src\main\AndroidManifest.xml:222:13-50
	android:configChanges
		ADDED from src\main\AndroidManifest.xml:221:13-63
	android:name
		ADDED from src\main\AndroidManifest.xml:220:13-60
activity#com.cpm.use_toothpaste.NovaminActivity
ADDED from src\main\AndroidManifest.xml:225:9-229:20
	android:screenOrientation
		ADDED from src\main\AndroidManifest.xml:228:13-50
	android:configChanges
		ADDED from src\main\AndroidManifest.xml:227:13-63
	android:name
		ADDED from src\main\AndroidManifest.xml:226:13-66
activity#com.cpm.use_toothpaste.VideoSRNPActivity
ADDED from src\main\AndroidManifest.xml:231:9-235:20
	android:screenOrientation
		ADDED from src\main\AndroidManifest.xml:234:13-50
	android:configChanges
		ADDED from src\main\AndroidManifest.xml:233:13-63
	android:name
		ADDED from src\main\AndroidManifest.xml:232:13-68
activity#com.cpm.use_toothpaste.DrActivity
ADDED from src\main\AndroidManifest.xml:237:9-241:20
	android:screenOrientation
		ADDED from src\main\AndroidManifest.xml:240:13-50
	android:configChanges
		ADDED from src\main\AndroidManifest.xml:239:13-63
	android:name
		ADDED from src\main\AndroidManifest.xml:238:13-61
activity#com.cpm.use_toothpaste.DoCauseActivity
ADDED from src\main\AndroidManifest.xml:242:9-246:20
	android:screenOrientation
		ADDED from src\main\AndroidManifest.xml:245:13-50
	android:configChanges
		ADDED from src\main\AndroidManifest.xml:244:13-63
	android:name
		ADDED from src\main\AndroidManifest.xml:243:13-66
activity#com.cpm.use_toothpaste.DrRecommendedActivity
ADDED from src\main\AndroidManifest.xml:247:9-251:20
	android:screenOrientation
		ADDED from src\main\AndroidManifest.xml:250:13-50
	android:configChanges
		ADDED from src\main\AndroidManifest.xml:249:13-63
	android:name
		ADDED from src\main\AndroidManifest.xml:248:13-72
activity#com.cpm.use_toothpaste.VideoSensationActivity
ADDED from src\main\AndroidManifest.xml:252:9-256:20
	android:screenOrientation
		ADDED from src\main\AndroidManifest.xml:255:13-50
	android:configChanges
		ADDED from src\main\AndroidManifest.xml:254:13-63
	android:name
		ADDED from src\main\AndroidManifest.xml:253:13-73
activity#com.cpm.use_toothpaste.VideoRapidActivity
ADDED from src\main\AndroidManifest.xml:257:9-261:20
	android:screenOrientation
		ADDED from src\main\AndroidManifest.xml:260:13-50
	android:configChanges
		ADDED from src\main\AndroidManifest.xml:259:13-63
	android:name
		ADDED from src\main\AndroidManifest.xml:258:13-69
activity#com.cpm.use_toothpaste.RapidRelief
ADDED from src\main\AndroidManifest.xml:262:9-266:20
	android:screenOrientation
		ADDED from src\main\AndroidManifest.xml:265:13-50
	android:configChanges
		ADDED from src\main\AndroidManifest.xml:264:13-63
	android:name
		ADDED from src\main\AndroidManifest.xml:263:13-62
activity#com.cpm.use_toothpaste.InstantRelief
ADDED from src\main\AndroidManifest.xml:267:9-271:20
	android:screenOrientation
		ADDED from src\main\AndroidManifest.xml:270:13-50
	android:configChanges
		ADDED from src\main\AndroidManifest.xml:269:13-63
	android:name
		ADDED from src\main\AndroidManifest.xml:268:13-64
activity#com.cpm.use_toothpaste.ToothbrushSensitive
ADDED from src\main\AndroidManifest.xml:272:9-276:20
	android:screenOrientation
		ADDED from src\main\AndroidManifest.xml:275:13-50
	android:configChanges
		ADDED from src\main\AndroidManifest.xml:274:13-63
	android:name
		ADDED from src\main\AndroidManifest.xml:273:13-70
activity#com.cpm.use_toothpaste.NextCallActivity
ADDED from src\main\AndroidManifest.xml:277:9-281:20
	android:screenOrientation
		ADDED from src\main\AndroidManifest.xml:280:13-50
	android:configChanges
		ADDED from src\main\AndroidManifest.xml:279:13-63
	android:name
		ADDED from src\main\AndroidManifest.xml:278:13-67
activity#com.cpm.use_toothpaste.VideoNew
ADDED from src\main\AndroidManifest.xml:282:9-286:20
	android:screenOrientation
		ADDED from src\main\AndroidManifest.xml:285:13-50
	android:configChanges
		ADDED from src\main\AndroidManifest.xml:284:13-63
	android:name
		ADDED from src\main\AndroidManifest.xml:283:13-59
activity#com.cpm.use_toothpaste.AfterNewVideo
ADDED from src\main\AndroidManifest.xml:287:9-291:20
	android:screenOrientation
		ADDED from src\main\AndroidManifest.xml:290:13-50
	android:configChanges
		ADDED from src\main\AndroidManifest.xml:289:13-63
	android:name
		ADDED from src\main\AndroidManifest.xml:288:13-64
activity#com.cpm.use_toothpaste.ShortSharpSensation
ADDED from src\main\AndroidManifest.xml:292:9-296:20
	android:screenOrientation
		ADDED from src\main\AndroidManifest.xml:295:13-50
	android:configChanges
		ADDED from src\main\AndroidManifest.xml:294:13-63
	android:name
		ADDED from src\main\AndroidManifest.xml:293:13-70
activity#com.cpm.use_toothpaste.NaturalWhiteness
ADDED from src\main\AndroidManifest.xml:297:9-301:20
	android:screenOrientation
		ADDED from src\main\AndroidManifest.xml:300:13-50
	android:configChanges
		ADDED from src\main\AndroidManifest.xml:299:13-63
	android:name
		ADDED from src\main\AndroidManifest.xml:298:13-67
activity#com.cpm.use_toothpaste.DesignWithExperts
ADDED from src\main\AndroidManifest.xml:302:9-305:53
	android:screenOrientation
		ADDED from src\main\AndroidManifest.xml:305:13-50
	android:configChanges
		ADDED from src\main\AndroidManifest.xml:304:13-63
	android:name
		ADDED from src\main\AndroidManifest.xml:303:13-68
activity#com.cpm.use_toothpaste.LargestSellingActivity
ADDED from src\main\AndroidManifest.xml:306:9-309:53
	android:screenOrientation
		ADDED from src\main\AndroidManifest.xml:309:13-50
	android:configChanges
		ADDED from src\main\AndroidManifest.xml:308:13-63
	android:name
		ADDED from src\main\AndroidManifest.xml:307:13-73
activity#com.cpm.use_toothpaste.SensodyneWhitingVideo
ADDED from src\main\AndroidManifest.xml:310:9-313:53
	android:screenOrientation
		ADDED from src\main\AndroidManifest.xml:313:13-50
	android:configChanges
		ADDED from src\main\AndroidManifest.xml:312:13-63
	android:name
		ADDED from src\main\AndroidManifest.xml:311:13-72
activity#com.cpm.use_toothpaste.SensodyneWhiteningTextActivity
ADDED from src\main\AndroidManifest.xml:314:9-317:53
	android:screenOrientation
		ADDED from src\main\AndroidManifest.xml:317:13-50
	android:configChanges
		ADDED from src\main\AndroidManifest.xml:316:13-63
	android:name
		ADDED from src\main\AndroidManifest.xml:315:13-81